\BOOKMARK [0][-]{dummy.1}{\376\377\000R\000e\000m\000e\000r\000c\000i\000e\000m\000e\000n\000t\000s}{}% 1
\BOOKMARK [0][-]{dummy.3}{\376\377\000R\000\351\000s\000u\000m\000\351}{}% 2
\BOOKMARK [0][-]{dummy.5}{\376\377\000A\000b\000s\000t\000r\000a\000c\000t}{}% 3
\BOOKMARK [0][-]{dummy.7}{\376\377\000C\000o\000n\000t\000e\000n\000t\000s}{}% 4
\BOOKMARK [0][-]{chapter*.9}{\376\377\000L\000i\000s\000t\000e\000\040\000d\000e\000s\000\040\000f\000i\000g\000u\000r\000e\000s}{}% 5
\BOOKMARK [0][-]{chapter*.10}{\376\377\000L\000i\000s\000t\000e\000\040\000d\000e\000s\000\040\000t\000a\000b\000l\000e\000a\000u\000x}{}% 6
\BOOKMARK [0][-]{chapter.12}{\376\377\0001\000\040\000I\000n\000t\000r\000o\000d\000u\000c\000t\000i\000o\000n}{}% 7
\BOOKMARK [1][-]{section.13}{\376\377\0001\000.\0001\000\040\000P\000r\000o\000b\000l\000\351\000m\000a\000t\000i\000q\000u\000e}{chapter.12}% 8
\BOOKMARK [1][-]{section.14}{\376\377\0001\000.\0002\000\040\000O\000b\000j\000e\000c\000t\000i\000f}{chapter.12}% 9
\BOOKMARK [1][-]{section.15}{\376\377\0001\000.\0003\000\040\000S\000t\000r\000u\000c\000t\000u\000r\000e\000\040\000d\000u\000\040\000d\000o\000c\000u\000m\000e\000n\000t}{chapter.12}% 10
\BOOKMARK [0][-]{chapter.16}{\376\377\0002\000\040\000\311\000t\000a\000t\000\040\000d\000e\000\040\000l\000'\000a\000r\000t}{}% 11
\BOOKMARK [1][-]{section.17}{\376\377\0002\000.\0001\000\040\000M\000o\000d\000\351\000l\000i\000s\000a\000t\000i\000o\000n\000\040\000d\000e\000s\000\040\000p\000r\000o\000c\000\351\000d\000\351\000s}{chapter.16}% 12
\BOOKMARK [2][-]{subsection.18}{\376\377\0002\000.\0001\000.\0001\000\040\000M\000o\000d\000\350\000l\000e\000\040\000d\000e\000\040\000p\000r\000o\000c\000\351\000d\000\351}{section.17}% 13
\BOOKMARK [2][-]{subsection.24}{\376\377\0002\000.\0001\000.\0002\000\040\000L\000a\000n\000g\000a\000g\000e\000\040\000d\000e\000\040\000m\000o\000d\000\351\000l\000i\000s\000a\000t\000i\000o\000n\000\040\000d\000e\000\040\000p\000r\000o\000c\000\351\000d\000\351\000s\000\040}{section.17}% 14
\BOOKMARK [1][-]{section.41}{\376\377\0002\000.\0002\000\040\000P\000r\000o\000c\000e\000s\000s\000-\000C\000e\000n\000t\000e\000r\000e\000d\000\040\000S\000o\000f\000t\000w\000a\000r\000e\000\040\000E\000n\000g\000i\000n\000e\000e\000r\000i\000n\000g\000\040\000E\000n\000v\000i\000r\000o\000n\000m\000e\000n\000t\000s\000\040\000\050\000P\000S\000E\000E\000\051}{chapter.16}% 15
\BOOKMARK [0][-]{chapter.57}{\376\377\0003\000\040\000G\000e\000s\000t\000i\000o\000n\000\040\000d\000e\000s\000\040\000v\000a\000r\000i\000a\000t\000i\000o\000n\000s}{}% 16
\BOOKMARK [1][-]{section.58}{\376\377\0003\000.\0001\000\040\000S\000o\000l\000u\000t\000i\000o\000n\000\040\0001}{chapter.57}% 17
\BOOKMARK [2][-]{subsection.59}{\376\377\0003\000.\0001\000.\0001\000\040\000M\000\351\000t\000a\000-\000m\000o\000d\000\350\000l\000e\000\040\000d\000e\000\040\000p\000r\000o\000c\000\351\000d\000\351}{section.58}% 18
\BOOKMARK [2][-]{subsection.70}{\376\377\0003\000.\0001\000.\0002\000\040\000T\000e\000c\000h\000n\000i\000q\000u\000e\000\040\000d\000e\000\040\000d\000\351\000t\000e\000c\000t\000i\000o\000n\000\040\000d\000e\000s\000\040\000v\000a\000r\000i\000a\000t\000i\000o\000n\000s\000\040\000e\000t\000\040\000g\000u\000i\000d\000e\000\040\000d\000e\000\040\000c\000o\000r\000r\000e\000c\000t\000i\000o\000n}{section.58}% 19
\BOOKMARK [1][-]{section.73}{\376\377\0003\000.\0002\000\040\000D\000e\000u\000x\000i\000\350\000m\000e\000\040\000s\000o\000l\000u\000t\000i\000o\000n}{chapter.57}% 20
\BOOKMARK [2][-]{subsection.74}{\376\377\0003\000.\0002\000.\0001\000\040\000T\000e\000c\000h\000n\000i\000q\000u\000e\000\040\000d\000e\000\040\000d\000\351\000t\000e\000c\000t\000i\000o\000n}{section.73}% 21
\BOOKMARK [2][-]{subsection.86}{\376\377\0003\000.\0002\000.\0002\000\040\000A\000p\000p\000l\000i\000c\000a\000t\000i\000o\000n\000\040\000d\000e\000\040\000l\000a\000\040\000s\000o\000l\000u\000t\000i\000o\000n}{section.73}% 22
\BOOKMARK [0][-]{chapter.92}{\376\377\0004\000\040\000C\000o\000n\000c\000l\000u\000s\000i\000o\000n}{}% 23
\BOOKMARK [0][-]{chapter*.94}{\376\377\000B\000i\000b\000l\000i\000o\000g\000r\000a\000p\000h\000i\000e}{}% 24
