\BOOKMARK [0][-]{dummy.1}{\376\377\000R\000e\000m\000e\000r\000c\000i\000e\000m\000e\000n\000t\000s}{}% 1
\BOOKMARK [0][-]{dummy.3}{\376\377\000R\000\351\000s\000u\000m\000\351}{}% 2
\BOOKMARK [0][-]{dummy.5}{\376\377\000C\000o\000n\000t\000e\000n\000t\000s}{}% 3
\BOOKMARK [0][-]{chapter*.7}{\376\377\000L\000i\000s\000t\000e\000\040\000d\000e\000s\000\040\000f\000i\000g\000u\000r\000e\000s}{}% 4
\BOOKMARK [0][-]{chapter*.8}{\376\377\000L\000i\000s\000t\000e\000\040\000d\000e\000s\000\040\000t\000a\000b\000l\000e\000a\000u\000x}{}% 5
\BOOKMARK [0][-]{chapter.10}{\376\377\0001\000\040\000P\000r\000\351\000s\000e\000n\000t\000a\000t\000i\000o\000n\000\040\000d\000e\000\040\000l\000'\000e\000n\000t\000r\000e\000p\000r\000i\000s\000e}{}% 6
\BOOKMARK [1][-]{section.11}{\376\377\0001\000.\0001\000\040\000H\000i\000s\000t\000o\000r\000i\000q\000u\000e}{chapter.10}% 7
\BOOKMARK [1][-]{section.12}{\376\377\0001\000.\0002\000\040\000C\000h\000i\000f\000f\000r\000e\000s\000\040\000c\000l\000\351\000s\000\040\0002\0000\0001\0004}{chapter.10}% 8
\BOOKMARK [1][-]{section.13}{\376\377\0001\000.\0003\000\040\000O\000r\000g\000a\000n\000i\000s\000a\000t\000i\000o\000n\000\040\000G\000\351\000o\000g\000r\000a\000p\000h\000i\000q\000u\000e}{chapter.10}% 9
\BOOKMARK [0][-]{chapter.19}{\376\377\0002\000\040\000P\000r\000\351\000s\000e\000n\000t\000a\000t\000i\000o\000n\000\040\000d\000u\000\040\000p\000r\000o\000j\000e\000t}{}% 10
\BOOKMARK [1][-]{section.20}{\376\377\0002\000.\0001\000\040\000C\000o\000n\000t\000e\000x\000t\000e}{chapter.19}% 11
\BOOKMARK [1][-]{section.21}{\376\377\0002\000.\0002\000\040\000O\000b\000j\000e\000c\000t\000i\000f}{chapter.19}% 12
\BOOKMARK [1][-]{section.27}{\376\377\0002\000.\0003\000\040\000O\000u\000t\000i\000l\000s\000\040\000t\000e\000c\000h\000n\000i\000q\000u\000e\000s}{chapter.19}% 13
\BOOKMARK [1][-]{section.28}{\376\377\0002\000.\0004\000\040\000\311\000t\000u\000d\000e\000\040\000d\000e\000\040\000l\000'\000e\000x\000i\000s\000t\000a\000n\000t}{chapter.19}% 14
\BOOKMARK [0][-]{chapter.30}{\376\377\0003\000\040\000P\000r\000\351\000s\000e\000n\000t\000a\000t\000i\000o\000n\000\040\000d\000u\000\040\000t\000r\000a\000v\000a\000i\000l\000\040\000r\000\351\000a\000l\000i\000s\000\351}{}% 15
\BOOKMARK [1][-]{section.31}{\376\377\0003\000.\0001\000\040\000P\000h\000a\000s\000e\000\040\000d\000'\000\351\000t\000u\000d\000e\000s}{chapter.30}% 16
\BOOKMARK [2][-]{subsection.32}{\376\377\0003\000.\0001\000.\0001\000\040\000\311\000t\000u\000d\000e\000\040\000d\000e\000s\000\040\000s\000o\000l\000u\000t\000i\000o\000n\000s}{section.31}% 17
\BOOKMARK [2][-]{subsection.39}{\376\377\0003\000.\0001\000.\0002\000\040\000S\000o\000l\000u\000t\000i\000o\000n\000\040\000r\000e\000t\000e\000n\000u\000e}{section.31}% 18
\BOOKMARK [1][-]{section.41}{\376\377\0003\000.\0002\000\040\000D\000\351\000v\000e\000l\000o\000p\000p\000e\000m\000e\000n\000t}{chapter.30}% 19
\BOOKMARK [0][-]{chapter.83}{\376\377\0004\000\040\000C\000o\000n\000c\000l\000u\000s\000i\000o\000n}{}% 20
\BOOKMARK [0][-]{chapter*.84}{\376\377\000B\000i\000b\000l\000i\000o\000g\000r\000a\000p\000h\000i\000e}{}% 21
